2025-11-17 10:57:19,495 - INFO - core.config.logging - Logging configurado. Root level: DEBUG. Handlers: console, info_file, error_file
2025-11-17 10:57:24,850 - INFO - __main__ - Modo de processamento e envio para a fatura específica: FCL-MOP23/01763
2025-11-17 10:57:25,431 - INFO - core.utils.generics - Carregar o módulo de customização: customer_mappers.mop.mapper, classe: MopMapper
2025-11-17 10:57:25,439 - INFO - core.utils.generics - Mapper 'MopMapper' encontrada e instanciado.
2025-11-17 10:57:30,411 - INFO - core.services.invoice_processor - Serviço de processamento de faturas iniciado.
2025-11-17 10:57:37,020 - INFO - core.repositories.invoice_repository - Fetching pending invoices from SalesInvoice table.
2025-11-17 10:57:37,445 - INFO - core.repositories.invoice_repository - Filtering by invoice number: FCL-MOP23/01763
2025-11-17 10:57:38,444 - INFO - core.repositories.invoice_repository - Fetched 1 pending invoices from SalesInvoice table.
2025-11-17 10:57:48,265 - INFO - core.services.invoice_processor - Construir o XML para a fatura: FCL-MOP23/01763
2025-11-17 10:57:52,656 - INFO - core.services.invoice_processor - Adicionar cabeçalho da fatura FCL-MOP23/01763.
2025-11-17 10:58:49,510 - INFO - core.repositories.invoice_repository - Buscar linhas de impostos para a fatura FCL-MOP23/01763...
2025-11-17 10:58:49,593 - INFO - core.repositories.invoice_repository - Encontradas 1 linhas de impostos para a fatura FCL-MOP23/01763.
2025-11-17 10:58:50,893 - INFO - core.repositories.invoice_repository - Buscar linhas de detalhe para a fatura FCL-MOP23/01763...
2025-11-17 10:58:51,055 - INFO - core.repositories.invoice_repository - Encontradas 1 linhas para a fatura FCL-MOP23/01763.
2025-11-17 10:58:56,969 - INFO - core.services.invoice_processor - Gerar o ficheiro XML para a fatura FCL-MOP23/01763 como FCLMOP2301763.xml
2025-11-17 11:00:55,246 - INFO - core.config.logging - Logging configurado. Root level: DEBUG. Handlers: console, info_file, error_file
2025-11-17 11:00:55,246 - INFO - __main__ - Modo de processamento e envio para a fatura específica: FCL-MOP23/01763
2025-11-17 11:00:55,246 - INFO - core.utils.generics - Carregar o módulo de customização: customer_mappers.mop.mapper, classe: MopMapper
2025-11-17 11:00:55,253 - INFO - core.utils.generics - Mapper 'MopMapper' encontrada e instanciado.
2025-11-17 11:00:55,254 - INFO - core.services.invoice_processor - Serviço de processamento de faturas iniciado.
2025-11-17 11:00:55,254 - INFO - core.repositories.invoice_repository - Fetching pending invoices from SalesInvoice table.
2025-11-17 11:00:55,597 - INFO - core.repositories.invoice_repository - Filtering by invoice number: FCL-MOP23/01763
2025-11-17 11:00:57,196 - INFO - core.repositories.invoice_repository - Fetched 1 pending invoices from SalesInvoice table.
2025-11-17 11:00:57,196 - INFO - core.services.invoice_processor - Construir o XML para a fatura: FCL-MOP23/01763
2025-11-17 11:00:57,196 - INFO - core.services.invoice_processor - Adicionar cabeçalho da fatura FCL-MOP23/01763.
2025-11-17 11:00:57,883 - INFO - core.repositories.invoice_repository - Buscar linhas de impostos para a fatura FCL-MOP23/01763...
2025-11-17 11:00:58,017 - INFO - core.repositories.invoice_repository - Encontradas 1 linhas de impostos para a fatura FCL-MOP23/01763.
2025-11-17 11:00:58,018 - INFO - core.repositories.invoice_repository - Buscar linhas de detalhe para a fatura FCL-MOP23/01763...
2025-11-17 11:00:58,123 - INFO - core.repositories.invoice_repository - Encontradas 1 linhas para a fatura FCL-MOP23/01763.
2025-11-17 11:00:58,124 - INFO - core.services.invoice_processor - Gerar o ficheiro XML para a fatura FCL-MOP23/01763 como FCLMOP2301763.xml
2025-11-17 11:02:03,973 - INFO - core.config.logging - Logging configurado. Root level: DEBUG. Handlers: console, info_file, error_file
2025-11-17 11:02:03,979 - INFO - __main__ - Modo de processamento e envio para a fatura específica: FCL-MOP23/01763
2025-11-17 11:02:03,979 - INFO - core.utils.generics - Carregar o módulo de customização: customer_mappers.mop.mapper, classe: MopMapper
2025-11-17 11:02:03,982 - INFO - core.utils.generics - Mapper 'MopMapper' encontrada e instanciado.
2025-11-17 11:02:03,982 - INFO - core.services.invoice_processor - Serviço de processamento de faturas iniciado.
2025-11-17 11:02:03,982 - INFO - core.repositories.invoice_repository - Fetching pending invoices from SalesInvoice table.
2025-11-17 11:02:04,320 - INFO - core.repositories.invoice_repository - Filtering by invoice number: FCL-MOP23/01763
2025-11-17 11:02:05,253 - INFO - core.repositories.invoice_repository - Fetched 1 pending invoices from SalesInvoice table.
2025-11-17 11:02:05,253 - INFO - core.services.invoice_processor - Construir o XML para a fatura: FCL-MOP23/01763
2025-11-17 11:02:05,254 - INFO - core.services.invoice_processor - Adicionar cabeçalho da fatura FCL-MOP23/01763.
2025-11-17 11:02:05,860 - INFO - core.repositories.invoice_repository - Buscar linhas de impostos para a fatura FCL-MOP23/01763...
2025-11-17 11:02:05,988 - INFO - core.repositories.invoice_repository - Encontradas 1 linhas de impostos para a fatura FCL-MOP23/01763.
2025-11-17 11:02:05,998 - INFO - core.repositories.invoice_repository - Buscar linhas de detalhe para a fatura FCL-MOP23/01763...
2025-11-17 11:02:06,058 - INFO - core.repositories.invoice_repository - Encontradas 1 linhas para a fatura FCL-MOP23/01763.
2025-11-17 11:02:06,058 - INFO - core.services.invoice_processor - Gerar o ficheiro XML para a fatura FCL-MOP23/01763 como FCLMOP2301763.xml
2025-11-17 11:04:45,420 - INFO - core.config.logging - Logging configurado. Root level: DEBUG. Handlers: console, info_file, error_file
2025-11-17 11:04:45,425 - INFO - __main__ - Modo de processamento e envio para a fatura específica: FCL-MOP23/01763
2025-11-17 11:04:45,425 - INFO - core.utils.generics - Carregar o módulo de customização: customer_mappers.mop.mapper, classe: MopMapper
2025-11-17 11:04:45,427 - INFO - core.utils.generics - Mapper 'MopMapper' encontrada e instanciado.
2025-11-17 11:04:45,427 - INFO - core.services.invoice_processor - Serviço de processamento de faturas iniciado.
2025-11-17 11:04:45,427 - INFO - core.repositories.invoice_repository - Fetching pending invoices from SalesInvoice table.
2025-11-17 11:04:45,764 - INFO - core.repositories.invoice_repository - Filtering by invoice number: FCL-MOP23/01763
2025-11-17 11:04:46,562 - INFO - core.repositories.invoice_repository - Fetched 1 pending invoices from SalesInvoice table.
2025-11-17 11:04:46,562 - INFO - core.services.invoice_processor - Construir o XML para a fatura: FCL-MOP23/01763
2025-11-17 11:04:46,562 - INFO - core.services.invoice_processor - Adicionar cabeçalho da fatura FCL-MOP23/01763.
2025-11-17 11:04:47,151 - INFO - core.repositories.invoice_repository - Buscar linhas de impostos para a fatura FCL-MOP23/01763...
2025-11-17 11:04:47,256 - INFO - core.repositories.invoice_repository - Encontradas 1 linhas de impostos para a fatura FCL-MOP23/01763.
2025-11-17 11:04:47,257 - INFO - core.repositories.invoice_repository - Buscar linhas de detalhe para a fatura FCL-MOP23/01763...
2025-11-17 11:04:47,323 - INFO - core.repositories.invoice_repository - Encontradas 1 linhas para a fatura FCL-MOP23/01763.
2025-11-17 11:04:47,323 - INFO - core.services.invoice_processor - Gerar o ficheiro XML para a fatura FCL-MOP23/01763 como FCLMOP2301763.xml
2025-11-17 11:32:54,255 - INFO - core.config.logging - Logging configurado. Root level: DEBUG. Handlers: console, info_file, error_file
2025-11-17 11:32:54,260 - INFO - __main__ - Modo de processamento e envio para a fatura específica: FCL-MOP23/01763
2025-11-17 11:32:54,260 - INFO - core.utils.generics - Carregar o módulo de customização: customer_mappers.mop.mapper, classe: MopMapper
2025-11-17 11:32:54,279 - INFO - core.utils.generics - Mapper 'MopMapper' encontrada e instanciado.
2025-11-17 11:32:54,281 - INFO - core.services.invoice_processor - Serviço de processamento de faturas iniciado.
2025-11-17 11:32:54,281 - INFO - core.repositories.invoice_repository - Fetching pending invoices from SalesInvoice table.
2025-11-17 11:32:54,615 - INFO - core.repositories.invoice_repository - Filtering by invoice number: FCL-MOP23/01763
2025-11-17 11:32:55,350 - INFO - core.repositories.invoice_repository - Fetched 1 pending invoices from SalesInvoice table.
2025-11-17 11:32:55,350 - INFO - core.services.invoice_processor - Construir o XML para a fatura: FCL-MOP23/01763
2025-11-17 11:32:55,350 - INFO - core.services.invoice_processor - Adicionar cabeçalho da fatura FCL-MOP23/01763.
2025-11-17 11:32:55,900 - INFO - core.repositories.invoice_repository - Buscar linhas de impostos para a fatura FCL-MOP23/01763...
2025-11-17 11:32:56,045 - INFO - core.repositories.invoice_repository - Encontradas 1 linhas de impostos para a fatura FCL-MOP23/01763.
2025-11-17 11:32:56,045 - INFO - core.repositories.invoice_repository - Buscar linhas de detalhe para a fatura FCL-MOP23/01763...
2025-11-17 11:32:56,113 - INFO - core.repositories.invoice_repository - Encontradas 1 linhas para a fatura FCL-MOP23/01763.
2025-11-17 11:32:56,113 - INFO - core.services.invoice_processor - Gerar o ficheiro XML para a fatura FCL-MOP23/01763 como FCLMOP2301763.xml
2025-11-17 11:33:27,583 - INFO - core.utils.xml_handler - Guardar o XML da fatura FCLMOP2301763.xml em: D:\Sage\SAGEX3V12\Folders\TMOPX3\EDI\SAPHETY\XML\FCLMOP2301763.xml
2025-11-17 11:33:39,298 - INFO - core.utils.xml_handler - Ficheiro XML para a fatura FCLMOP2301763.xml gerado com sucesso.
2025-11-17 11:33:51,348 - INFO - core.services.control_service - Marcar a fatura FCL-MOP23/01763 como 'XML Gerado'.
2025-11-17 13:24:33,849 - INFO - core.config.logging - Logging configurado. Root level: DEBUG. Handlers: console, info_file, error_file
2025-11-17 13:24:33,855 - INFO - __main__ - Modo de processamento e envio para a fatura específica: FCL-MOP23/01763
2025-11-17 13:24:33,855 - INFO - core.utils.generics - Carregar o módulo de customização: customer_mappers.mop.mapper, classe: MopMapper
2025-11-17 13:24:33,874 - INFO - core.utils.generics - Mapper 'MopMapper' encontrada e instanciado.
2025-11-17 13:24:33,874 - INFO - core.services.invoice_processor - Serviço de processamento de faturas iniciado.
2025-11-17 13:24:33,875 - INFO - core.repositories.invoice_repository - Fetching pending invoices from SalesInvoice table.
2025-11-17 13:24:34,208 - INFO - core.repositories.invoice_repository - Filtering by invoice number: FCL-MOP23/01763
2025-11-17 13:24:35,126 - INFO - core.repositories.invoice_repository - Fetched 1 pending invoices from SalesInvoice table.
2025-11-17 13:24:35,126 - INFO - core.services.invoice_processor - Construir o XML para a fatura: FCL-MOP23/01763
2025-11-17 13:24:35,127 - INFO - core.services.invoice_processor - Adicionar cabeçalho da fatura FCL-MOP23/01763.
2025-11-17 13:24:35,686 - INFO - core.repositories.invoice_repository - Buscar linhas de impostos para a fatura FCL-MOP23/01763...
2025-11-17 13:24:35,788 - INFO - core.repositories.invoice_repository - Encontradas 1 linhas de impostos para a fatura FCL-MOP23/01763.
2025-11-17 13:24:35,789 - INFO - core.repositories.invoice_repository - Buscar linhas de detalhe para a fatura FCL-MOP23/01763...
2025-11-17 13:24:35,883 - INFO - core.repositories.invoice_repository - Encontradas 1 linhas para a fatura FCL-MOP23/01763.
2025-11-17 13:24:35,884 - INFO - core.services.invoice_processor - Gerar o ficheiro XML para a fatura FCL-MOP23/01763 como FCLMOP2301763.xml
2025-11-17 13:25:23,549 - INFO - core.utils.xml_handler - Guardar o XML da fatura FCLMOP2301763.xml em: D:\Sage\SAGEX3V12\Folders\TMOPX3\EDI\SAPHETY\XML\MOP\00\2023\08\31\FCLMOP2301763.xml
2025-11-17 13:25:23,549 - INFO - core.utils.xml_handler - Ficheiro XML para a fatura FCLMOP2301763.xml gerado com sucesso.
2025-11-17 13:26:08,324 - ERROR - core.services.control_service - Registar erro de processamento para a fatura FCL-MOP23/01763.
2025-11-17 13:26:49,976 - INFO - core.services.invoice_processor - Processamento concluído com sucesso.
2025-11-17 13:26:54,308 - INFO - __main__ - Processamento concluído para a fatura FCL-MOP23/01763.
2025-11-17 13:27:04,618 - INFO - core.services.saphety_service - Não há faturas pendentes para enviar.
2025-11-17 13:27:06,520 - INFO - __main__ - Tentativa de envio concluída para a fatura FCL-MOP23/01763.
2025-11-17 13:27:07,310 - INFO - __main__ - Execução concluída com sucesso.
2025-11-17 13:27:08,890 - INFO - __main__ - Execução concluída com sucesso.
2025-11-17 13:34:59,226 - INFO - core.config.logging - Logging configurado. Root level: DEBUG. Handlers: console, info_file, error_file
2025-11-17 13:34:59,226 - INFO - __main__ - Modo de processamento e envio para a fatura específica: FCL-MOP23/01764
2025-11-17 13:34:59,226 - INFO - core.utils.generics - Carregar o módulo de customização: customer_mappers.mop.mapper, classe: MopMapper
2025-11-17 13:34:59,235 - INFO - core.utils.generics - Mapper 'MopMapper' encontrada e instanciado.
2025-11-17 13:34:59,238 - INFO - core.services.invoice_processor - Serviço de processamento de faturas iniciado.
2025-11-17 13:34:59,238 - INFO - core.repositories.invoice_repository - Fetching pending invoices from SalesInvoice table.
2025-11-17 13:34:59,565 - INFO - core.repositories.invoice_repository - Filtering by invoice number: FCL-MOP23/01764
2025-11-17 13:35:00,385 - INFO - core.repositories.invoice_repository - Fetched 0 pending invoices from SalesInvoice table.
2025-11-17 13:35:00,385 - INFO - core.services.invoice_processor - Nenhuma fatura pendente encontrada para processamento.
2025-11-17 13:35:00,413 - INFO - __main__ - Processamento concluído para a fatura FCL-MOP23/01764.
2025-11-17 13:35:00,544 - INFO - core.services.saphety_service - Não há faturas pendentes para enviar.
2025-11-17 13:35:00,545 - INFO - __main__ - Tentativa de envio concluída para a fatura FCL-MOP23/01764.
2025-11-17 13:35:00,545 - INFO - __main__ - Execução concluída com sucesso.
2025-11-17 13:35:00,545 - INFO - __main__ - Execução concluída com sucesso.
2025-11-17 13:52:00,937 - INFO - core.config.logging - Logging configurado. Root level: DEBUG. Handlers: console, info_file, error_file
2025-11-17 13:52:00,941 - INFO - __main__ - Modo de processamento e envio para a fatura específica: FCL-MOP23/01763
2025-11-17 13:52:00,941 - INFO - core.utils.generics - Carregar o módulo de customização: customer_mappers.mop.mapper, classe: MopMapper
2025-11-17 13:52:00,945 - INFO - core.utils.generics - Mapper 'MopMapper' encontrada e instanciado.
2025-11-17 13:52:00,946 - INFO - core.services.invoice_processor - Serviço de processamento de faturas iniciado.
2025-11-17 13:52:00,946 - INFO - core.repositories.invoice_repository - Fetching pending invoices from SalesInvoice table.
2025-11-17 13:52:01,287 - INFO - core.repositories.invoice_repository - Filtering by invoice number: FCL-MOP23/01763
2025-11-17 13:52:02,145 - INFO - core.repositories.invoice_repository - Fetched 1 pending invoices from SalesInvoice table.
2025-11-17 13:52:02,145 - INFO - core.services.invoice_processor - Construir o XML para a fatura: FCL-MOP23/01763
2025-11-17 13:52:02,146 - INFO - core.services.invoice_processor - Adicionar cabeçalho da fatura FCL-MOP23/01763.
2025-11-17 13:53:03,171 - INFO - core.repositories.invoice_repository - Buscar linhas de impostos para a fatura FCL-MOP23/01763...
2025-11-17 13:53:03,224 - INFO - core.repositories.invoice_repository - Encontradas 1 linhas de impostos para a fatura FCL-MOP23/01763.
2025-11-17 13:53:05,197 - INFO - core.repositories.invoice_repository - Buscar linhas de detalhe para a fatura FCL-MOP23/01763...
2025-11-17 13:53:05,298 - INFO - core.repositories.invoice_repository - Encontradas 1 linhas para a fatura FCL-MOP23/01763.
2025-11-17 13:53:08,776 - INFO - core.services.invoice_processor - Gerar o ficheiro XML para a fatura FCL-MOP23/01763 como FCLMOP2301763.xml
2025-11-17 13:53:21,087 - INFO - core.utils.xml_handler - Guardar o XML da fatura FCLMOP2301763.xml em: D:\Sage\SAGEX3V12\Folders\TMOPX3\EDI\SAPHETY\XML\MOP\00\2023\08\31\FCLMOP2301763.xml
2025-11-17 13:53:21,089 - INFO - core.utils.xml_handler - Ficheiro XML para a fatura FCLMOP2301763.xml gerado com sucesso.
2025-11-17 13:53:31,024 - INFO - core.services.control_service - Marcar a fatura FCL-MOP23/01763 como 'XML Gerado'.
2025-11-17 13:53:33,235 - INFO - core.services.invoice_processor - Processamento concluído com sucesso.
2025-11-17 13:53:36,853 - INFO - __main__ - Processamento concluído para a fatura FCL-MOP23/01763.
2025-11-17 13:54:50,618 - INFO - core.auth.auth - Tentar autenticar o utilizador jose.roberto@gsconsulting.pt em https://dcn-solution.saphety.com/Dcn.Sandbox.WebApi
2025-11-17 13:54:51,065 - INFO - core.auth.auth - Autenticação bem-sucedida. Token recebido.
2025-11-17 13:56:02,003 - INFO - core.services.saphety_service - Fatura FCL-MOP23/01763 enviada com sucesso. RequestId: b623f2f5-9cc7-4491-b409-69593a383dc2
2025-11-17 13:56:11,812 - INFO - __main__ - Tentativa de envio concluída para a fatura FCL-MOP23/01763.
2025-11-17 13:56:12,469 - INFO - __main__ - Execução concluída com sucesso.
2025-11-17 13:56:14,547 - INFO - __main__ - Execução concluída com sucesso.
2025-11-17 17:58:04,038 - INFO - core.config.logging - Logging configurado. Root level: DEBUG. Handlers: console, info_file, error_file
2025-11-17 17:58:04,044 - INFO - __main__ - Modo de processamento e envio para a fatura específica: NCC-MOP15/00164
2025-11-17 17:58:04,046 - INFO - core.utils.generics - Carregar o módulo de customização: customer_mappers.mop.mapper, classe: MopMapper
2025-11-17 17:58:04,050 - INFO - core.utils.generics - Mapper 'MopMapper' encontrada e instanciado.
2025-11-17 17:58:04,050 - INFO - core.services.invoice_processor - Serviço de processamento de faturas iniciado.
2025-11-17 17:58:04,050 - INFO - core.repositories.invoice_repository - Fetching pending invoices from SalesInvoice table.
2025-11-17 17:58:04,383 - INFO - core.repositories.invoice_repository - Filtering by invoice number: NCC-MOP15/00164
2025-11-17 17:58:05,386 - INFO - core.repositories.invoice_repository - Fetched 0 pending invoices from SalesInvoice table.
2025-11-17 17:58:05,389 - INFO - core.services.invoice_processor - Nenhuma fatura pendente encontrada para processamento.
2025-11-17 17:58:05,407 - INFO - __main__ - Processamento concluído para a fatura NCC-MOP15/00164.
2025-11-17 17:58:05,646 - INFO - core.auth.auth - Tentar autenticar o utilizador jose.roberto@gsconsulting.pt em https://dcn-solution.saphety.com/Dcn.Sandbox.WebApi
2025-11-17 17:58:06,039 - INFO - core.auth.auth - Autenticação bem-sucedida. Token recebido.
2025-11-17 17:58:06,039 - INFO - core.services.saphety_service - Erro: O ficheiro XML não foi encontrado em D:\Sage\SAGEX3V12\Folders\TMOPX3\EDI\SAPHETY\XML\MOP\00\2015\6\30\NCCMOP1500164.xml
2025-11-17 17:58:06,039 - ERROR - core.services.saphety_service - Erro ao enviar a fatura NCC-MOP15/00164: ['Ficheiro XML não encontrado.']
2025-11-17 17:58:06,039 - ERROR - core.services.saphety_service - Erro ao processar a fatura NCC-MOP15/00164: ['Ficheiro XML não encontrado.']
2025-11-17 17:58:06,267 - INFO - __main__ - Tentativa de envio concluída para a fatura NCC-MOP15/00164.
2025-11-17 17:58:06,267 - INFO - __main__ - Execução concluída com sucesso.
2025-11-17 17:58:06,267 - INFO - __main__ - Execução concluída com sucesso.
2025-11-17 17:59:18,317 - INFO - core.config.logging - Logging configurado. Root level: DEBUG. Handlers: console, info_file, error_file
2025-11-17 17:59:18,321 - INFO - __main__ - Modo de processamento e envio para a fatura específica: NCC-MOP15/00164
2025-11-17 17:59:18,322 - INFO - core.utils.generics - Carregar o módulo de customização: customer_mappers.mop.mapper, classe: MopMapper
2025-11-17 17:59:18,325 - INFO - core.utils.generics - Mapper 'MopMapper' encontrada e instanciado.
2025-11-17 17:59:18,325 - INFO - core.services.invoice_processor - Serviço de processamento de faturas iniciado.
2025-11-17 17:59:18,325 - INFO - core.repositories.invoice_repository - Fetching pending invoices from SalesInvoice table.
2025-11-17 17:59:18,661 - INFO - core.repositories.invoice_repository - Filtering by invoice number: NCC-MOP15/00164
2025-11-17 17:59:19,511 - INFO - core.repositories.invoice_repository - Fetched 1 pending invoices from SalesInvoice table.
2025-11-17 17:59:34,412 - INFO - core.services.invoice_processor - Construir o XML para a fatura: NCC-MOP15/00164
2025-11-17 17:59:43,616 - INFO - core.services.invoice_processor - Adicionar cabeçalho da fatura NCC-MOP15/00164.
2025-11-17 18:03:00,734 - INFO - core.config.logging - Logging configurado. Root level: DEBUG. Handlers: console, info_file, error_file
2025-11-17 18:03:00,738 - INFO - __main__ - Modo de processamento e envio para a fatura específica: NCC-MOP15/00164
2025-11-17 18:03:00,738 - INFO - core.utils.generics - Carregar o módulo de customização: customer_mappers.mop.mapper, classe: MopMapper
2025-11-17 18:03:00,742 - INFO - core.utils.generics - Mapper 'MopMapper' encontrada e instanciado.
2025-11-17 18:03:00,742 - INFO - core.services.invoice_processor - Serviço de processamento de faturas iniciado.
2025-11-17 18:03:00,742 - INFO - core.repositories.invoice_repository - Fetching pending invoices from SalesInvoice table.
2025-11-17 18:03:01,082 - INFO - core.repositories.invoice_repository - Filtering by invoice number: NCC-MOP15/00164
2025-11-17 18:03:01,943 - INFO - core.repositories.invoice_repository - Fetched 1 pending invoices from SalesInvoice table.
2025-11-17 18:03:09,941 - INFO - core.services.invoice_processor - Construir o XML para a fatura: NCC-MOP15/00164
2025-11-17 18:03:12,951 - INFO - core.services.invoice_processor - Adicionar cabeçalho da fatura NCC-MOP15/00164.
2025-11-17 18:04:38,497 - INFO - core.repositories.invoice_repository - Buscar linhas de impostos para a fatura NCC-MOP15/00164...
2025-11-17 18:04:38,607 - INFO - core.repositories.invoice_repository - Encontradas 1 linhas de impostos para a fatura NCC-MOP15/00164.
2025-11-17 18:04:48,206 - INFO - core.repositories.invoice_repository - Buscar linhas de detalhe para a fatura NCC-MOP15/00164...
2025-11-17 18:04:48,305 - INFO - core.repositories.invoice_repository - Encontradas 1 linhas para a fatura NCC-MOP15/00164.
2025-11-17 18:08:47,388 - INFO - core.services.invoice_processor - Gerar o ficheiro XML para a fatura NCC-MOP15/00164 como NCCMOP1500164.xml
2025-11-17 18:09:05,246 - INFO - core.utils.xml_handler - Guardar o XML da fatura NCCMOP1500164.xml em: D:\Sage\SAGEX3V12\Folders\TMOPX3\EDI\SAPHETY\XML\MOP\00\2015\6\30\NCCMOP1500164.xml
2025-11-17 18:09:05,247 - INFO - core.utils.xml_handler - Ficheiro XML para a fatura NCCMOP1500164.xml gerado com sucesso.
2025-11-17 18:09:17,036 - INFO - core.services.control_service - Marcar a fatura NCC-MOP15/00164 como 'XML Gerado'.
2025-11-17 18:09:18,667 - INFO - core.services.invoice_processor - Processamento concluído com sucesso.
2025-11-17 18:09:23,644 - INFO - __main__ - Processamento concluído para a fatura NCC-MOP15/00164.
2025-11-17 18:13:54,891 - INFO - core.config.logging - Logging configurado. Root level: DEBUG. Handlers: console, info_file, error_file
2025-11-17 18:13:54,903 - INFO - __main__ - Modo de processamento e envio para a fatura específica: NCC-MOP15/00164
2025-11-17 18:13:54,903 - INFO - core.utils.generics - Carregar o módulo de customização: customer_mappers.mop.mapper, classe: MopMapper
2025-11-17 18:13:54,921 - INFO - core.utils.generics - Mapper 'MopMapper' encontrada e instanciado.
2025-11-17 18:13:54,922 - INFO - core.services.invoice_processor - Serviço de processamento de faturas iniciado.
2025-11-17 18:13:54,922 - INFO - core.repositories.invoice_repository - Fetching pending invoices from SalesInvoice table.
2025-11-17 18:13:55,259 - INFO - core.repositories.invoice_repository - Filtering by invoice number: NCC-MOP15/00164
2025-11-17 18:13:56,041 - INFO - core.repositories.invoice_repository - Fetched 0 pending invoices from SalesInvoice table.
2025-11-17 18:13:56,043 - INFO - core.services.invoice_processor - Nenhuma fatura pendente encontrada para processamento.
2025-11-17 18:13:56,061 - INFO - __main__ - Processamento concluído para a fatura NCC-MOP15/00164.
2025-11-17 18:13:56,178 - INFO - core.auth.auth - Tentar autenticar o utilizador jose.roberto@gsconsulting.pt em https://dcn-solution.saphety.com/Dcn.Sandbox.WebApi
2025-11-17 18:13:56,602 - INFO - core.auth.auth - Autenticação bem-sucedida. Token recebido.
2025-11-17 18:13:57,491 - ERROR - core.services.saphety_service - Erro ao processar a fatura NCC-MOP15/00164: []
2025-11-17 18:13:57,741 - INFO - __main__ - Tentativa de envio concluída para a fatura NCC-MOP15/00164.
2025-11-17 18:13:57,743 - INFO - __main__ - Execução concluída com sucesso.
2025-11-17 18:13:57,743 - INFO - __main__ - Execução concluída com sucesso.
2025-11-19 07:57:32,097 - INFO - core.config.logging - Logging configurado. Root level: DEBUG. Handlers: console, info_file, error_file
2025-11-19 07:57:32,100 - INFO - __main__ - Modo de processamento e envio para a fatura específica: NCC-MOP15/00164
2025-11-19 07:57:32,100 - INFO - core.utils.generics - Carregar o módulo de customização: customer_mappers.mop.mapper, classe: MopMapper
2025-11-19 07:57:32,108 - INFO - core.utils.generics - Mapper 'MopMapper' encontrada e instanciado.
2025-11-19 07:57:32,109 - INFO - core.services.invoice_processor - Serviço de processamento de faturas iniciado.
2025-11-19 07:57:32,110 - INFO - core.repositories.invoice_repository - Fetching pending invoices from SalesInvoice table.
2025-11-19 07:57:32,448 - INFO - core.repositories.invoice_repository - Filtering by invoice number: NCC-MOP15/00164
2025-11-19 07:57:33,370 - INFO - core.repositories.invoice_repository - Fetched 1 pending invoices from SalesInvoice table.
2025-11-19 07:57:53,042 - INFO - core.services.invoice_processor - Construir o XML para a fatura: NCC-MOP15/00164
2025-11-19 07:57:53,042 - INFO - core.services.invoice_processor - Adicionar cabeçalho da fatura NCC-MOP15/00164.
2025-11-19 07:57:53,661 - INFO - core.repositories.invoice_repository - Buscar linhas de impostos para a fatura NCC-MOP15/00164...
2025-11-19 07:57:53,735 - INFO - core.repositories.invoice_repository - Encontradas 1 linhas de impostos para a fatura NCC-MOP15/00164.
2025-11-19 07:57:53,737 - INFO - core.repositories.invoice_repository - Buscar linhas de detalhe para a fatura NCC-MOP15/00164...
2025-11-19 07:57:53,833 - INFO - core.repositories.invoice_repository - Encontradas 1 linhas para a fatura NCC-MOP15/00164.
2025-11-19 07:57:55,494 - INFO - core.services.invoice_processor - Gerar o ficheiro XML para a fatura NCC-MOP15/00164 como NCCMOP1500164.xml
2025-11-19 07:59:10,451 - INFO - core.utils.xml_handler - Guardar o XML da fatura NCCMOP1500164.xml em: D:\Sage\SAGEX3V12\Folders\TMOPX3\EDI\SAPHETY\XML\MOP\00\2015\6\30\NCCMOP1500164.xml
2025-11-19 07:59:10,451 - INFO - core.utils.xml_handler - Ficheiro XML para a fatura NCCMOP1500164.xml gerado com sucesso.
2025-11-19 07:59:25,832 - INFO - core.services.control_service - Marcar a fatura NCC-MOP15/00164 como 'XML Gerado'.
2025-11-19 07:59:27,788 - INFO - core.services.invoice_processor - Processamento concluído com sucesso.
2025-11-19 07:59:32,092 - INFO - __main__ - Processamento concluído para a fatura NCC-MOP15/00164.
2025-11-19 13:59:57,423 - INFO - core.config.logging - Logging configurado. Root level: DEBUG. Handlers: console, info_file, error_file
2025-11-19 13:59:57,423 - INFO - __main__ - Modo de processamento e envio para a fatura específica: NCC-MOP15/00164
2025-11-19 13:59:57,423 - INFO - core.utils.generics - Carregar o módulo de customização: customer_mappers.mop.mapper, classe: MopMapper
2025-11-19 13:59:57,432 - INFO - core.utils.generics - Mapper 'MopMapper' encontrada e instanciado.
2025-11-19 13:59:57,433 - INFO - core.services.invoice_processor - Serviço de processamento de faturas iniciado.
2025-11-19 13:59:57,433 - INFO - core.repositories.invoice_repository - Fetching pending invoices from SalesInvoice table.
2025-11-19 13:59:57,767 - INFO - core.repositories.invoice_repository - Filtering by invoice number: NCC-MOP15/00164
2025-11-19 13:59:58,489 - INFO - core.repositories.invoice_repository - Fetched 1 pending invoices from SalesInvoice table.
2025-11-19 14:00:08,181 - INFO - core.services.invoice_processor - Construir o XML para a fatura: NCC-MOP15/00164
2025-11-19 14:00:16,589 - INFO - core.services.invoice_processor - Adicionar cabeçalho da fatura NCC-MOP15/00164.
2025-11-19 14:02:19,306 - INFO - core.repositories.invoice_repository - Buscar linhas de impostos para a fatura NCC-MOP15/00164...
2025-11-19 14:02:19,421 - INFO - core.repositories.invoice_repository - Encontradas 1 linhas de impostos para a fatura NCC-MOP15/00164.
2025-11-19 14:02:21,829 - INFO - core.repositories.invoice_repository - Buscar linhas de detalhe para a fatura NCC-MOP15/00164...
2025-11-19 14:02:21,918 - INFO - core.repositories.invoice_repository - Encontradas 1 linhas para a fatura NCC-MOP15/00164.
2025-11-19 14:02:26,354 - INFO - core.services.invoice_processor - Gerar o ficheiro XML para a fatura NCC-MOP15/00164 como NCCMOP1500164.xml
2025-11-19 14:02:31,533 - INFO - core.utils.xml_handler - Guardar o XML da fatura NCCMOP1500164.xml em: D:\Sage\SAGEX3V12\Folders\TMOPX3\EDI\SAPHETY\XML\MOP\00\2015\6\30\NCCMOP1500164.xml
2025-11-19 14:02:31,534 - INFO - core.utils.xml_handler - Ficheiro XML para a fatura NCCMOP1500164.xml gerado com sucesso.
2025-11-19 14:02:36,946 - INFO - core.services.control_service - Marcar a fatura NCC-MOP15/00164 como 'XML Gerado'.
2025-11-19 14:02:39,000 - INFO - core.services.invoice_processor - Processamento concluído com sucesso.
2025-11-19 14:02:43,159 - INFO - __main__ - Processamento concluído para a fatura NCC-MOP15/00164.
